-------------------------------------------------------------------------------
Test set: test.UserTest
-------------------------------------------------------------------------------
Tests run: 1, Failures: 1, Errors: 0, Skipped: 0, Time elapsed: 0.002 sec <<< FAILURE!
test.UserTest.testFindById()  Time elapsed: 0.002 sec  <<< FAILURE!
java.lang.NullPointerException
	at test.UserTest.testFindById(UserTest.java:20)

